@TC_Google_Search
Feature: Search for a term in google search
  Entering a term in google search and verifying result page is displayed

  @TC_Google_Search @scenario_001 @regression @sanity
  Scenario: Single term serach                                            # src/test/resources/features/google_search.feature:6
    Given I navigate to google search page                                # googlesteps.i_navigate_to_google_search_page()
    When I type the term in google search bar and click on serach results # googlesteps.i_type_the_term_in_google_search_bar_and_click_on_serach_results()
    Then I should get the results page                                    # googlesteps.i_should_get_the_results_page()

  @scenario_002
  Scenario Outline: Multiple search items in google using scenario outline # src/test/resources/features/google_search.feature:12
    Given I navigate to google search page
    When I type the "<Term>" in google search bar and click on serach results
    Then I should get the results page

    @regression
    Examples: 

  @TC_Google_Search @scenario_002 @regression
  Scenario Outline: Multiple search items in google using scenario outline   # src/test/resources/features/google_search.feature:20
    Given I navigate to google search page                                   # googlesteps.i_navigate_to_google_search_page()
    When I type the "Hello" in google search bar and click on serach results # googlesteps.i_type_the_in_google_search_bar_and_click_on_serach_results(String)
    Then I should get the results page                                       # googlesteps.i_should_get_the_results_page()
      org.openqa.selenium.TimeoutException: Expected condition failed: waiting for visibility of Proxy element for: DefaultElementLocator 'By.cssSelector: div.logo img[alt*='Google']' (tried for 20 second(s) with 500 MILLISECONDS interval)
	at org.openqa.selenium.support.ui.WebDriverWait.timeoutException(WebDriverWait.java:82)
	at org.openqa.selenium.support.ui.FluentWait.until(FluentWait.java:231)
	at support.WaitUtilities.waitForElementVisible(WaitUtilities.java:14)
	at pages.googlesearch.after_search_displayed(googlesearch.java:16)
	at stepDefinitions.googlesteps.i_should_get_the_results_page(googlesteps.java:60)
	at âœ½.I should get the results page(file:src/test/resources/features/google_search.feature:15)
Caused by: org.openqa.selenium.NoSuchElementException: no such element: Unable to locate element: {"method":"css selector","selector":"div.logo img[alt*='Google']"}
  (Session info: chrome=78.0.3904.108)
For documentation on this error, please visit: http://seleniumhq.org/exceptions/no_such_element.html
Build info: version: '3.7.1', revision: '8a0099a', time: '2017-11-06T21:01:39.354Z'
System info: host: 'Naresh-Sekar', ip: 'fe80:0:0:0:da:8ea8:589e:f7a6%en0', os.name: 'Mac OS X', os.arch: 'x86_64', os.version: '10.14.5', java.version: '11.0.2'
Driver info: org.openqa.selenium.chrome.ChromeDriver
Capabilities {acceptInsecureCerts: false, browserName: chrome, browserVersion: 78.0.3904.108, chrome: {chromedriverVersion: 78.0.3904.105 (60e2d8774a81..., userDataDir: /var/folders/cw/63j79c5x3xd...}, goog:chromeOptions: {debuggerAddress: localhost:55478}, javascriptEnabled: true, networkConnectionEnabled: false, pageLoadStrategy: normal, platform: MAC, platformName: MAC, proxy: Proxy(), setWindowRect: true, strictFileInteractability: false, timeouts: {implicit: 0, pageLoad: 300000, script: 30000}, unhandledPromptBehavior: dismiss and notify}
Session ID: a931fe3807502773e9eae3f5dc24699d
*** Element info: {Using=css selector, value=div.logo img[alt*='Google']}
	at java.base/jdk.internal.reflect.NativeConstructorAccessorImpl.newInstance0(Native Method)
	at java.base/jdk.internal.reflect.NativeConstructorAccessorImpl.newInstance(NativeConstructorAccessorImpl.java:62)
	at java.base/jdk.internal.reflect.DelegatingConstructorAccessorImpl.newInstance(DelegatingConstructorAccessorImpl.java:45)
	at java.base/java.lang.reflect.Constructor.newInstance(Constructor.java:490)
	at org.openqa.selenium.remote.http.W3CHttpResponseCodec.createException(W3CHttpResponseCodec.java:187)
	at org.openqa.selenium.remote.http.W3CHttpResponseCodec.decode(W3CHttpResponseCodec.java:122)
	at org.openqa.selenium.remote.http.W3CHttpResponseCodec.decode(W3CHttpResponseCodec.java:49)
	at org.openqa.selenium.remote.HttpCommandExecutor.execute(HttpCommandExecutor.java:164)
	at org.openqa.selenium.remote.service.DriverCommandExecutor.execute(DriverCommandExecutor.java:83)
	at org.openqa.selenium.remote.RemoteWebDriver.execute(RemoteWebDriver.java:600)
	at org.openqa.selenium.remote.RemoteWebDriver.findElement(RemoteWebDriver.java:370)
	at org.openqa.selenium.remote.RemoteWebDriver.findElementByCssSelector(RemoteWebDriver.java:464)
	at org.openqa.selenium.By$ByCssSelector.findElement(By.java:430)
	at org.openqa.selenium.remote.RemoteWebDriver.findElement(RemoteWebDriver.java:362)
	at org.openqa.selenium.support.pagefactory.DefaultElementLocator.findElement(DefaultElementLocator.java:69)
	at org.openqa.selenium.support.pagefactory.internal.LocatingElementHandler.invoke(LocatingElementHandler.java:38)
	at com.sun.proxy.$Proxy34.isDisplayed(Unknown Source)
	at org.openqa.selenium.support.ui.ExpectedConditions.elementIfVisible(ExpectedConditions.java:301)
	at org.openqa.selenium.support.ui.ExpectedConditions.access$100(ExpectedConditions.java:43)
	at org.openqa.selenium.support.ui.ExpectedConditions$10.apply(ExpectedConditions.java:287)
	at org.openqa.selenium.support.ui.ExpectedConditions$10.apply(ExpectedConditions.java:284)
	at org.openqa.selenium.support.ui.FluentWait.until(FluentWait.java:208)
	at support.WaitUtilities.waitForElementVisible(WaitUtilities.java:14)
	at pages.googlesearch.after_search_displayed(googlesearch.java:16)
	at stepDefinitions.googlesteps.i_should_get_the_results_page(googlesteps.java:60)
	at java.base/jdk.internal.reflect.NativeMethodAccessorImpl.invoke0(Native Method)
	at java.base/jdk.internal.reflect.NativeMethodAccessorImpl.invoke(NativeMethodAccessorImpl.java:62)
	at java.base/jdk.internal.reflect.DelegatingMethodAccessorImpl.invoke(DelegatingMethodAccessorImpl.java:43)
	at java.base/java.lang.reflect.Method.invoke(Method.java:566)
	at cucumber.runtime.Utils$1.call(Utils.java:26)
	at cucumber.runtime.Timeout.timeout(Timeout.java:16)
	at cucumber.runtime.Utils.invoke(Utils.java:20)
	at cucumber.runtime.java.JavaStepDefinition.execute(JavaStepDefinition.java:57)
	at cucumber.runner.PickleStepDefinitionMatch.runStep(PickleStepDefinitionMatch.java:50)
	at cucumber.runner.TestStep.executeStep(TestStep.java:63)
	at cucumber.runner.TestStep.run(TestStep.java:49)
	at cucumber.runner.PickleStepTestStep.run(PickleStepTestStep.java:43)
	at cucumber.runner.TestCase.run(TestCase.java:45)
	at cucumber.runner.Runner.runPickle(Runner.java:40)
	at cucumber.runtime.junit.PickleRunners$NoStepDescriptions.run(PickleRunners.java:146)
	at cucumber.runtime.junit.FeatureRunner.runChild(FeatureRunner.java:68)
	at cucumber.runtime.junit.FeatureRunner.runChild(FeatureRunner.java:23)
	at org.junit.runners.ParentRunner$3.run(ParentRunner.java:290)
	at org.junit.runners.ParentRunner$1.schedule(ParentRunner.java:71)
	at org.junit.runners.ParentRunner.runChildren(ParentRunner.java:288)
	at org.junit.runners.ParentRunner.access$000(ParentRunner.java:58)
	at org.junit.runners.ParentRunner$2.evaluate(ParentRunner.java:268)
	at org.junit.runners.ParentRunner.run(ParentRunner.java:363)
	at cucumber.runtime.junit.FeatureRunner.run(FeatureRunner.java:73)
	at cucumber.api.junit.Cucumber.runChild(Cucumber.java:122)
	at cucumber.api.junit.Cucumber.runChild(Cucumber.java:64)
	at org.junit.runners.ParentRunner$3.run(ParentRunner.java:290)
	at org.junit.runners.ParentRunner$1.schedule(ParentRunner.java:71)
	at org.junit.runners.ParentRunner.runChildren(ParentRunner.java:288)
	at org.junit.runners.ParentRunner.access$000(ParentRunner.java:58)
	at org.junit.runners.ParentRunner$2.evaluate(ParentRunner.java:268)
	at cucumber.api.junit.Cucumber$1.evaluate(Cucumber.java:131)
	at org.junit.internal.runners.statements.RunBefores.evaluate(RunBefores.java:26)
	at org.junit.runners.ParentRunner.run(ParentRunner.java:363)
	at org.apache.maven.surefire.junit4.JUnit4Provider.execute(JUnit4Provider.java:365)
	at org.apache.maven.surefire.junit4.JUnit4Provider.executeWithRerun(JUnit4Provider.java:273)
	at org.apache.maven.surefire.junit4.JUnit4Provider.executeTestSet(JUnit4Provider.java:238)
	at org.apache.maven.surefire.junit4.JUnit4Provider.invoke(JUnit4Provider.java:159)
	at org.apache.maven.surefire.booter.ForkedBooter.invokeProviderInSameClassLoader(ForkedBooter.java:384)
	at org.apache.maven.surefire.booter.ForkedBooter.runSuitesInProcess(ForkedBooter.java:345)
	at org.apache.maven.surefire.booter.ForkedBooter.execute(ForkedBooter.java:126)
	at org.apache.maven.surefire.booter.ForkedBooter.main(ForkedBooter.java:418)

Current Page URL is https://www.youtube.com/watch?v=YQHsXMglC9A

  @TC_Google_Search @scenario_002 @regression
  Scenario Outline: Multiple search items in google using scenario outline # src/test/resources/features/google_search.feature:21
    Given I navigate to google search page                                 # googlesteps.i_navigate_to_google_search_page()
    When I type the "Hi" in google search bar and click on serach results  # googlesteps.i_type_the_in_google_search_bar_and_click_on_serach_results(String)
    Then I should get the results page                                     # googlesteps.i_should_get_the_results_page()

  @TC_Google_Search @scenario_002 @regression
  Scenario Outline: Multiple search items in google using scenario outline   # src/test/resources/features/google_search.feature:22
    Given I navigate to google search page                                   # googlesteps.i_navigate_to_google_search_page()
    When I type the "Where" in google search bar and click on serach results # googlesteps.i_type_the_in_google_search_bar_and_click_on_serach_results(String)
    Then I should get the results page                                       # googlesteps.i_should_get_the_results_page()

    @sanity
    Examples: 

  @TC_Google_Search @scenario_002 @sanity
  Scenario Outline: Multiple search items in google using scenario outline   # src/test/resources/features/google_search.feature:27
    Given I navigate to google search page                                   # googlesteps.i_navigate_to_google_search_page()
    When I type the "Hello" in google search bar and click on serach results # googlesteps.i_type_the_in_google_search_bar_and_click_on_serach_results(String)
    Then I should get the results page                                       # googlesteps.i_should_get_the_results_page()
